<?xml version="1.0" encoding="UTF-8"?>
<testsuite name="testHashTable" tests="1" skipped="0" failures="0" errors="0" timestamp="2020-10-19T05:55:37" hostname="DESKTOP-7FT5EBS" time="0.026">
  <properties/>
  <testcase name="givenString_whenParsed_shouldReturnParanoidFrequency" classname="testHashTable" time="0.026"/>
  <system-out><![CDATA[]]></system-out>
  <system-err><![CDATA[]]></system-err>
</testsuite>
