<?xml version="1.0" encoding="UTF-8"?>
<testsuite name="testHashTable" tests="1" skipped="0" failures="0" errors="0" timestamp="2020-10-19T06:07:53" hostname="DESKTOP-7FT5EBS" time="0.016">
  <properties/>
  <testcase name="given_a_String_whenPassed_returnsWordFreq" classname="testHashTable" time="0.016"/>
  <system-out><![CDATA[]]></system-out>
  <system-err><![CDATA[]]></system-err>
</testsuite>
