<?xml version="1.0" encoding="UTF-8"?>
<testsuite name="testHashTable" tests="1" skipped="0" failures="0" errors="0" timestamp="2020-10-18T11:58:44" hostname="DESKTOP-7FT5EBS" time="0.007">
  <properties/>
  <testcase name="givenString_whenParsed_shouldReturnFrequency" classname="testHashTable" time="0.007"/>
  <system-out><![CDATA[]]></system-out>
  <system-err><![CDATA[]]></system-err>
</testsuite>
